<?xml version="1.0" encoding="UTF-8"?>
<!-- Generated by org.testng.reporters.JUnitXMLReporter -->
<testsuite ignored="4" hostname="MACs-Mac-mini.local" failures="0" tests="2" name="IOS native app test on iPhone Sminq scenario1" time="94.476" errors="0" timestamp="18 Feb 2019 12:09:01 GMT">
  <testcase classname="sminq.co.testScripts.Post_Story" name="POST" time="63.629"/>
  <testcase classname="sminq.co.testScripts.Change_Profile_Pic" name="CHANGE" time="25.571"/>
  <testcase classname="sminq.co.Base.BaseClass" name="@AfterTest afterTest" time="0.0">
    <ignored/>
  </testcase> <!-- @AfterTest afterTest -->
  <testcase classname="sminq.co.Base.BaseClass" name="@AfterSuite tearDown" time="0.0">
    <ignored/>
  </testcase> <!-- @AfterSuite tearDown -->
  <testcase classname="sminq.co.Base.BaseClass" name="@BeforeSuite setUp" time="0.0">
    <ignored/>
  </testcase> <!-- @BeforeSuite setUp -->
  <testcase classname="sminq.co.Base.BaseClass" name="@BeforeTest beforeTest" time="0.0">
    <ignored/>
  </testcase> <!-- @BeforeTest beforeTest -->
</testsuite> <!-- IOS native app test on iPhone Sminq scenario1 -->
