<?xml version="1.0" encoding="UTF-8"?>
<!-- Generated by org.testng.reporters.JUnitXMLReporter -->
<testsuite ignored="2" hostname="MACs-Mac-mini.local" failures="0" tests="2" name="IOS native app test on iPhone Sminq scenario2" time="691.475" errors="0" timestamp="15 Feb 2019 13:57:34 GMT">
  <testcase classname="sminq.co.testScripts.Post_Story" name="POST" time="498.744"/>
  <testcase classname="sminq.co.testScripts.Change_Profile_Pic" name="CHANGE" time="124.39"/>
  <testcase classname="sminq.co.Base.BaseClass" name="@AfterSuite tearDown" time="0.0">
    <ignored/>
  </testcase> <!-- @AfterSuite tearDown -->
  <testcase classname="sminq.co.Base.BaseClass" name="@BeforeSuite setUp" time="0.0">
    <ignored/>
  </testcase> <!-- @BeforeSuite setUp -->
</testsuite> <!-- IOS native app test on iPhone Sminq scenario2 -->
